[32m2026-06-21 08:28:17 +0800[0m - dagster - [34mDEBUG[0m - __ASSET_JOB - 5c373ccf-42cf-4e21-a7d5-bf730a02a53e - 50533 - LOGS_CAPTURED - Capturing logs for process (pid: 50533).
[32m2026-06-21 08:28:17 +0800[0m - dagster - [34mDEBUG[0m - __ASSET_JOB - 5c373ccf-42cf-4e21-a7d5-bf730a02a53e - 50533 - ingest_sg_raw_data - STEP_START - Started execution of step "ingest_sg_raw_data".
[32m2026-06-21 08:28:17 +0800[0m - dagster - [34mERROR[0m - [31m__ASSET_JOB - 5c373ccf-42cf-4e21-a7d5-bf730a02a53e - 50533 - ingest_sg_raw_data - STEP_FAILURE - Execution of step "ingest_sg_raw_data" failed.

dagster._core.errors.DagsterExecutionStepExecutionError: Error occurred while executing op "ingest_sg_raw_data"::

dlt.pipeline.exceptions.PipelineStepFailed: Pipeline execution failed at `step=extract` when processing package with `load_id=1782001697.621462` with exception:

<class 'dlt.extract.exceptions.ResourceExtractionError'>
In processing pipe `taxi_availability`: extraction of resource `taxi_availability` in `generator` `taxi_availability` caused an exception: 404 Client Error: Not Found for url: https://data.gov.sg/transport/taxi-availability

Stack Trace:
  File "/Users/chuan/Development/PythonProjects/snaic-sg-taxi-weather-mesh/.venv/lib/python3.11/site-packages/dagster/_core/execution/plan/utils.py", line 57, in op_execution_error_boundary
    yield
  File "/Users/chuan/Development/PythonProjects/snaic-sg-taxi-weather-mesh/.venv/lib/python3.11/site-packages/dagster/_utils/__init__.py", line 394, in iterate_with_context
    next_output = next(iterator)
                  ^^^^^^^^^^^^^^
  File "/Users/chuan/Development/PythonProjects/snaic-sg-taxi-weather-mesh/.venv/lib/python3.11/site-packages/dagster/_core/execution/plan/compute_generator.py", line 136, in _coerce_op_compute_fn_to_iterator
    result = invoke_compute_fn(
             ^^^^^^^^^^^^^^^^^^
  File "/Users/chuan/Development/PythonProjects/snaic-sg-taxi-weather-mesh/.venv/lib/python3.11/site-packages/dagster/_core/execution/plan/compute_generator.py", line 116, in invoke_compute_fn
    return fn(context, **args_to_pass) if context_arg_provided else fn(**args_to_pass)
                                                                    ^^^^^^^^^^^^^^^^^^
  File "/Users/chuan/Development/PythonProjects/snaic-sg-taxi-weather-mesh/sg_transit_weather_mesh/assets/ingestion.py", line 38, in ingest_sg_raw_data
    load_info = pipeline.run(sg_gov_source())
                ^^^^^^^^^^^^^^^^^^^^^^^^^^^^^
  File "/Users/chuan/Development/PythonProjects/snaic-sg-taxi-weather-mesh/.venv/lib/python3.11/site-packages/dlt/pipeline/pipeline.py", line 231, in _wrap
    step_info = f(self, *args, **kwargs)
                ^^^^^^^^^^^^^^^^^^^^^^^^
  File "/Users/chuan/Development/PythonProjects/snaic-sg-taxi-weather-mesh/.venv/lib/python3.11/site-packages/dlt/pipeline/pipeline.py", line 279, in _wrap
    return f(self, *args, **kwargs)
           ^^^^^^^^^^^^^^^^^^^^^^^^
  File "/Users/chuan/Development/PythonProjects/snaic-sg-taxi-weather-mesh/.venv/lib/python3.11/site-packages/dlt/pipeline/pipeline.py", line 777, in run
    self.extract(
  File "/Users/chuan/Development/PythonProjects/snaic-sg-taxi-weather-mesh/.venv/lib/python3.11/site-packages/dlt/pipeline/pipeline.py", line 231, in _wrap
    step_info = f(self, *args, **kwargs)
                ^^^^^^^^^^^^^^^^^^^^^^^^
  File "/Users/chuan/Development/PythonProjects/snaic-sg-taxi-weather-mesh/.venv/lib/python3.11/site-packages/dlt/pipeline/pipeline.py", line 170, in _wrap
    return f(self, *args, **kwargs)
           ^^^^^^^^^^^^^^^^^^^^^^^^
  File "/Users/chuan/Development/PythonProjects/snaic-sg-taxi-weather-mesh/.venv/lib/python3.11/site-packages/dlt/pipeline/pipeline.py", line 184, in _wrap
    rv = f(self, *args, **kwargs)
         ^^^^^^^^^^^^^^^^^^^^^^^^
  File "/Users/chuan/Development/PythonProjects/snaic-sg-taxi-weather-mesh/.venv/lib/python3.11/site-packages/dlt/pipeline/pipeline.py", line 279, in _wrap
    return f(self, *args, **kwargs)
           ^^^^^^^^^^^^^^^^^^^^^^^^
  File "/Users/chuan/Development/PythonProjects/snaic-sg-taxi-weather-mesh/.venv/lib/python3.11/site-packages/dlt/pipeline/pipeline.py", line 523, in extract
    raise PipelineStepFailed(

The above exception was caused by the following exception:
dlt.extract.exceptions.ResourceExtractionError: In processing pipe `taxi_availability`: extraction of resource `taxi_availability` in `generator` `taxi_availability` caused an exception: 404 Client Error: Not Found for url: https://data.gov.sg/transport/taxi-availability

Stack Trace:
  File "/Users/chuan/Development/PythonProjects/snaic-sg-taxi-weather-mesh/.venv/lib/python3.11/site-packages/dlt/pipeline/pipeline.py", line 500, in extract
    self._extract_source(
  File "/Users/chuan/Development/PythonProjects/snaic-sg-taxi-weather-mesh/.venv/lib/python3.11/site-packages/dlt/pipeline/pipeline.py", line 1437, in _extract_source
    load_id = extract.extract(
              ^^^^^^^^^^^^^^^^
  File "/Users/chuan/Development/PythonProjects/snaic-sg-taxi-weather-mesh/.venv/lib/python3.11/site-packages/dlt/extract/extract.py", line 592, in extract
    self._extract_single_source(
  File "/Users/chuan/Development/PythonProjects/snaic-sg-taxi-weather-mesh/.venv/lib/python3.11/site-packages/dlt/extract/extract.py", line 509, in _extract_single_source
    for pipe_item in pipes:
  File "/Users/chuan/Development/PythonProjects/snaic-sg-taxi-weather-mesh/.venv/lib/python3.11/site-packages/dlt/extract/pipe_iterator.py", line 158, in __next__
    pipe_item = self._get_source_item()
                ^^^^^^^^^^^^^^^^^^^^^^^
  File "/Users/chuan/Development/PythonProjects/snaic-sg-taxi-weather-mesh/.venv/lib/python3.11/site-packages/dlt/extract/pipe_iterator.py", line 304, in _get_source_item
    raise ResourceExtractionError(pipe.name, gen, str(ex), "generator") from ex

The above exception was caused by the following exception:
requests.exceptions.HTTPError: 404 Client Error: Not Found for url: https://data.gov.sg/transport/taxi-availability

Stack Trace:
  File "/Users/chuan/Development/PythonProjects/snaic-sg-taxi-weather-mesh/.venv/lib/python3.11/site-packages/dlt/extract/pipe_iterator.py", line 274, in _get_source_item
    pipe_item = next(gen)
                ^^^^^^^^^
  File "/Users/chuan/Development/PythonProjects/snaic-sg-taxi-weather-mesh/sg_transit_weather_mesh/assets/ingestion.py", line 18, in taxi_availability
    response.raise_for_status()
  File "/Users/chuan/Development/PythonProjects/snaic-sg-taxi-weather-mesh/.venv/lib/python3.11/site-packages/requests/models.py", line 1167, in raise_for_status
    raise HTTPError(http_error_msg, response=self)
[0m
