[32m2026-06-21 08:41:48 +0800[0m - dagster - [34mDEBUG[0m - __ASSET_JOB - 84d30558-f69e-430d-a5ec-e2b29b5a4b8a - 52404 - LOGS_CAPTURED - Capturing logs for process (pid: 52404).
[32m2026-06-21 08:41:48 +0800[0m - dagster - [34mDEBUG[0m - __ASSET_JOB - 84d30558-f69e-430d-a5ec-e2b29b5a4b8a - 52404 - analytics_taxi_weather_mart - STEP_START - Started execution of step "analytics_taxi_weather_mart".
[32m2026-06-21 08:41:48 +0800[0m - dagster - [34mDEBUG[0m - __ASSET_JOB - 84d30558-f69e-430d-a5ec-e2b29b5a4b8a - analytics_taxi_weather_mart - Loading file from: /Users/chuan/Development/PythonProjects/snaic-sg-taxi-weather-mesh/.tmp_dagster_home_iyel0q9l/storage/ingest_sg_raw_data using PickledObjectFilesystemIOManager...
[32m2026-06-21 08:41:48 +0800[0m - dagster - [34mDEBUG[0m - __ASSET_JOB - 84d30558-f69e-430d-a5ec-e2b29b5a4b8a - 52404 - analytics_taxi_weather_mart - LOADED_INPUT - Loaded input "ingest_sg_raw_data" using input manager "io_manager", from output "result" of step "ingest_sg_raw_data"
[32m2026-06-21 08:41:48 +0800[0m - dagster - [34mDEBUG[0m - __ASSET_JOB - 84d30558-f69e-430d-a5ec-e2b29b5a4b8a - 52404 - analytics_taxi_weather_mart - STEP_INPUT - Got input "ingest_sg_raw_data" of type "Any". (Type check passed).
[32m2026-06-21 08:41:48 +0800[0m - dagster - [34mERROR[0m - [31m__ASSET_JOB - 84d30558-f69e-430d-a5ec-e2b29b5a4b8a - 52404 - analytics_taxi_weather_mart - STEP_FAILURE - Execution of step "analytics_taxi_weather_mart" failed.

dagster._core.errors.DagsterExecutionStepExecutionError: Error occurred while executing op "analytics_taxi_weather_mart"::

_duckdb.BinderException: Binder Error: Table "t" does not have a column named "timestamp"

Candidate bindings: : "_dlt_id"

LINE 13: ...('hour', CAST(t.timestamp AS TIMESTAMP)) = DATE_TRUNC('hour', CAST(w.timestamp AS TIMESTAMP))
                                                                    ^

Stack Trace:
  File "/Users/chuan/Development/PythonProjects/snaic-sg-taxi-weather-mesh/.venv/lib/python3.11/site-packages/dagster/_core/execution/plan/utils.py", line 57, in op_execution_error_boundary
    yield
  File "/Users/chuan/Development/PythonProjects/snaic-sg-taxi-weather-mesh/.venv/lib/python3.11/site-packages/dagster/_utils/__init__.py", line 394, in iterate_with_context
    next_output = next(iterator)
                  ^^^^^^^^^^^^^^
  File "/Users/chuan/Development/PythonProjects/snaic-sg-taxi-weather-mesh/.venv/lib/python3.11/site-packages/dagster/_core/execution/plan/compute_generator.py", line 136, in _coerce_op_compute_fn_to_iterator
    result = invoke_compute_fn(
             ^^^^^^^^^^^^^^^^^^
  File "/Users/chuan/Development/PythonProjects/snaic-sg-taxi-weather-mesh/.venv/lib/python3.11/site-packages/dagster/_core/execution/plan/compute_generator.py", line 116, in invoke_compute_fn
    return fn(context, **args_to_pass) if context_arg_provided else fn(**args_to_pass)
                                                                    ^^^^^^^^^^^^^^^^^^
  File "/Users/chuan/Development/PythonProjects/snaic-sg-taxi-weather-mesh/sg_transit_weather_mesh/assets/analytics.py", line 32, in analytics_taxi_weather_mart
    conn.execute(query)
[0m
