[32m2026-06-21 08:19:01 +0800[0m - dagster - [34mDEBUG[0m - __ASSET_JOB - fa6d37d4-d138-4c18-a7c5-48b32e5f787a - 49408 - LOGS_CAPTURED - Capturing logs for process (pid: 49408).
[32m2026-06-21 08:19:01 +0800[0m - dagster - [34mDEBUG[0m - __ASSET_JOB - fa6d37d4-d138-4c18-a7c5-48b32e5f787a - 49408 - ingest_sg_raw_data - STEP_START - Started execution of step "ingest_sg_raw_data".
[32m2026-06-21 08:19:01 +0800[0m - dagster - [34mERROR[0m - [31m__ASSET_JOB - fa6d37d4-d138-4c18-a7c5-48b32e5f787a - 49408 - ingest_sg_raw_data - STEP_FAILURE - Execution of step "ingest_sg_raw_data" failed.

dagster._core.errors.DagsterExecutionStepExecutionError: Error occurred while executing op "ingest_sg_raw_data"::

TypeError: `pipeline` got an unexpected keyword argument `credentials`

Stack Trace:
  File "/Users/chuan/Development/PythonProjects/snaic-sg-taxi-weather-mesh/.venv/lib/python3.11/site-packages/dagster/_core/execution/plan/utils.py", line 57, in op_execution_error_boundary
    yield
  File "/Users/chuan/Development/PythonProjects/snaic-sg-taxi-weather-mesh/.venv/lib/python3.11/site-packages/dagster/_utils/__init__.py", line 394, in iterate_with_context
    next_output = next(iterator)
                  ^^^^^^^^^^^^^^
  File "/Users/chuan/Development/PythonProjects/snaic-sg-taxi-weather-mesh/.venv/lib/python3.11/site-packages/dagster/_core/execution/plan/compute_generator.py", line 136, in _coerce_op_compute_fn_to_iterator
    result = invoke_compute_fn(
             ^^^^^^^^^^^^^^^^^^
  File "/Users/chuan/Development/PythonProjects/snaic-sg-taxi-weather-mesh/.venv/lib/python3.11/site-packages/dagster/_core/execution/plan/compute_generator.py", line 116, in invoke_compute_fn
    return fn(context, **args_to_pass) if context_arg_provided else fn(**args_to_pass)
                                                                    ^^^^^^^^^^^^^^^^^^
  File "/Users/chuan/Development/PythonProjects/snaic-sg-taxi-weather-mesh/sg_transit_weather_mesh/assets/ingestion.py", line 33, in ingest_sg_raw_data
    pipeline = dlt.pipeline(
               ^^^^^^^^^^^^^
  File "/Users/chuan/Development/PythonProjects/snaic-sg-taxi-weather-mesh/.venv/lib/python3.11/site-packages/dlt/common/configuration/inject.py", line 281, in _wrap
    return f(*bound_args.args, **bound_args.kwargs)
           ^^^^^^^^^^^^^^^^^^^^^^^^^^^^^^^^^^^^^^^^
  File "/Users/chuan/Development/PythonProjects/snaic-sg-taxi-weather-mesh/.venv/lib/python3.11/site-packages/dlt/pipeline/__init__.py", line 129, in pipeline
    ensure_correct_pipeline_kwargs(pipeline, **injection_kwargs)
  File "/Users/chuan/Development/PythonProjects/snaic-sg-taxi-weather-mesh/.venv/lib/python3.11/site-packages/dlt/pipeline/configuration.py", line 78, in ensure_correct_pipeline_kwargs
    raise TypeError(f"`{f.__name__}` got an unexpected keyword argument `{arg_name}`")
[0m
